<?xml version="1.0"?>
<component name="org.nuxeo.auth.extended.session.auth.test.config">

  <extension target="org.nuxeo.ecm.platform.ui.web.auth.service.PluggableAuthenticationService"
             point="authenticators">
             
    <authenticationPlugin name="FORM_AUTH" enabled="true"
        class="org.nuxeo.ecm.platform.ui.web.auth.plugins.FormAuthenticator">
      <needStartingURLSaving>true</needStartingURLSaving>
      <parameters>
        <parameter name="LoginPage">login.jsp</parameter>
        <parameter name="UsernameKey">user_name</parameter>
        <parameter name="PasswordKey">user_password</parameter>
      </parameters>
    </authenticationPlugin>
             
    <authenticationPlugin name="NUXEO_EXTENDED_SESSION" enabled="true"
                          class="org.nuxeo.auth.extended.session.ExtendedSessionAuth">
      <loginModulePlugin>Trusting_LM</loginModulePlugin>
      <parameters>
      </parameters>
    </authenticationPlugin>
  </extension>
  
  
 <extension target="org.nuxeo.ecm.platform.ui.web.auth.service.PluggableAuthenticationService"
   point="chain">
    <authenticationChain>
      <plugins>
        <plugin>NUXEO_EXTENDED_SESSION</plugin>
        <plugin>FORM_AUTH</plugin>
      </plugins>
    </authenticationChain>
  </extension>

</component>
