<?xml version="1.0" ?>
<web-app xmlns="http://java.sun.com/xml/ns/j2ee" xmlns:xsi="http://www.w3.org/2001/XMLSchema-instance"
         xsi:schemaLocation="http://java.sun.com/xml/ns/j2ee http://java.sun.com/xml/ns/j2ee/web-app_2_4.xsd"
         version="2.4">

  <!-- Filter to test -->


    <filter>
      <display-name>Nuxeo Extended Session Filter</display-name>
      <filter-name>NuxeoExtendedSessionFilter</filter-name>
      <filter-class>
        org.nuxeo.auth.extended.session.SessionIdFilter
      </filter-class>
    </filter>

    <filter-mapping>
      <filter-name>NuxeoExtendedSessionFilter</filter-name>
      <url-pattern>/*</url-pattern>
      <dispatcher>REQUEST</dispatcher>
    </filter-mapping>

  <!-- Nuxeo servlet and filters -->

  <filter>
    <display-name>Log4j Web MDC Filter</display-name>
    <filter-name>Log4JWebFilter</filter-name>
    <filter-class>org.nuxeo.ecm.core.management.jtajca.internal.Log4jWebFilter</filter-class>
  </filter>

  <filter-mapping>
    <filter-name>Log4JWebFilter</filter-name>
    <url-pattern>/*</url-pattern>
    <dispatcher>REQUEST</dispatcher>
    <dispatcher>FORWARD</dispatcher>
  </filter-mapping>

  <filter>
    <display-name>WebEngine Authentication Filter</display-name>
    <filter-name>NuxeoAuthenticationFilter</filter-name>
    <filter-class>org.nuxeo.ecm.platform.ui.web.auth.NuxeoAuthenticationFilter</filter-class>
    <!-- we put this parameter to false for having the loginSuccess event triggered -->
    <init-param>
      <param-name>byPassAuthenticationLog</param-name>
      <param-value>false</param-value>
    </init-param>
    <init-param>
      <param-name>securityDomain</param-name>
      <param-value>nuxeo-webengine</param-value>
    </init-param>
  </filter>
  <filter-mapping>
    <filter-name>NuxeoAuthenticationFilter</filter-name>
    <url-pattern>/*</url-pattern>
  </filter-mapping>

  <servlet>
    <servlet-name>Nuxeo WebEngine Servlet</servlet-name>
    <servlet-class>org.nuxeo.ecm.webengine.app.jersey.WebEngineServlet</servlet-class>
  </servlet>
  <servlet-mapping>
    <servlet-name>Nuxeo WebEngine Servlet</servlet-name>
    <url-pattern>/*</url-pattern>
  </servlet-mapping>


  <filter>
    <display-name>WebEngineFilter</display-name>
    <filter-name>WebEngineFilter</filter-name>
    <filter-class>
      org.nuxeo.ecm.webengine.app.WebEngineFilter
    </filter-class>
  </filter>
  <filter-mapping>
    <filter-name>WebEngineFilter</filter-name>
    <url-pattern>/*</url-pattern>
  </filter-mapping>
  <filter>
    <display-name>SessionCleanupFilter</display-name>
    <filter-name>SessionCleanupFilter</filter-name>
    <filter-class>
      org.nuxeo.ecm.webengine.jaxrs.session.SessionCleanupFilter
    </filter-class>
  </filter>
  <filter-mapping>
    <filter-name>SessionCleanupFilter</filter-name>
    <url-pattern>/*</url-pattern>
  </filter-mapping>
  <filter>
    <display-name>RequestContextFilter</display-name>
    <filter-name>RequestContextFilter</filter-name>
    <filter-class>
      org.nuxeo.ecm.webengine.jaxrs.context.RequestContextFilter
    </filter-class>
  </filter>
  <filter-mapping>
    <filter-name>RequestContextFilter</filter-name>
    <url-pattern>/*</url-pattern>
  </filter-mapping>

</web-app>
